2026.03.04 16:56:20 INFO: Loaded VA for NtUserBlockInput = 0x74D74C40
2026.03.04 16:56:20 INFO: Loaded VA for NtUserQueryWindow = 0x74D71230
2026.03.04 16:56:20 INFO: Loaded VA for NtUserGetForegroundWindow = 0x74D714C0
2026.03.04 16:56:20 INFO: Loaded VA for NtUserBuildHwndList = 0x74D712F0
2026.03.04 16:56:20 INFO: Loaded VA for NtUserFindWindowEx = 0x74D717C0
2026.03.04 16:56:20 INFO: Loaded VA for NtUserGetClassName = 0x74D71890
2026.03.04 16:56:20 INFO: Loaded VA for NtUserInternalGetWindowText = 0x74D71720
2026.03.04 16:56:20 INFO: Loaded VA for NtUserGetThreadState = 0x74D71150
2026.03.04 16:56:20 DEBUG: ApplyNtdllHook -> _NtSetInformationThread 77A69240 _NtQuerySystemInformation 77A694F0 _NtQueryInformationProcess 77A69300 _NtSetInformationProcess 77A69350 _NtQueryObject 77A69270
2026.03.04 16:56:20 DEBUG: ApplyNtdllHook -> _NtYieldExecution 77A695F0 _NtGetContextThread 77A6A140 _NtSetContextThread 77A6AB30 _KiUserExceptionDispatcher 77A6B7C0 _NtContinue 77A695C0
2026.03.04 16:56:20 DEBUG: ApplyNtdllHook -> _NtClose 77A69260 _NtDuplicateObject 77A69550 _NtSetDebugFilterState 77A6AB40 _NtCreateThread 77A69670 _NtCreateThreadEx 77A69E20 _NtQuerySystemTime 77A69730 _NtQueryPerformanceCounter 77A694A0 _NtResumeThread 77A696B0
2026.03.04 16:56:20 DEBUG: ApplyNtdllHook -> _NtOpenFile 77A694C0 _NtCreateSection 77A69630 _NtMapViewOfSection 77A69410
2026.03.04 16:56:20 DEBUG: ApplyNtdllHook -> Hooking NtSetInformationThread
2026.03.04 16:56:20 DEBUG: ApplyNtdllHook -> Hooking NtQueryInformationProcess
2026.03.04 16:56:20 DEBUG: ApplyNtdllHook -> Hooking NtQueryObject
2026.03.04 16:56:20 DEBUG: ApplyNtdllHook -> Hooking NtClose
2026.03.04 16:56:20 DEBUG: ApplyNtdllHook -> Hooking NtDuplicateObject
2026.03.04 16:56:20 DEBUG: ApplyNtdllHook -> Hooking NtOpenFile
2026.03.04 16:56:20 DEBUG: ApplyNtdllHook -> Hooking NtCreateSection
2026.03.04 16:56:20 DEBUG: ApplyNtdllHook -> Hooking NtMapViewOfSection
2026.03.04 16:56:20 DEBUG: ApplyKernel32Hook -> Using Kernelbase 75440000 instead of kernel32 76530000
2026.03.04 16:56:20 DEBUG: ApplyKernel32Hook -> _GetTickCount 75595580 _GetTickCount64 75596120 _GetLocalTime 75595470 _GetSystemTime 75596480 _OutputDebugStringA 7567EBD0
2026.03.04 16:56:20 DEBUG: ApplyUserHook -> HookedNtUserBlockInput 00CC1D55 HookedNtUserFindWindowEx 00CC1DAD HookedNtUserBuildHwndList 00CC1E88 HookedNtUserBuildHwndList_Eight 00CC1ECB HookedNtUserQueryWindow 00CC1F11 HookedNtUserGetForegroundWindow 00CC1F5A
2026.03.04 16:56:20 DEBUG: ApplyUserHook -> _NtUserBlockInput 74D74C40 _NtUserFindWindowEx 74D717C0 _NtUserBuildHwndList 74D712F0 _NtUserQueryWindow 74D71230 _NtUserGetForegroundWindow 74D714C0
2026.03.04 16:56:20 INFO: Hook injection successful, image base 00CC0000
2026.03.04 16:57:49 INFO: Loaded VA for NtUserBlockInput = 0x74D74C40
2026.03.04 16:57:49 INFO: Loaded VA for NtUserQueryWindow = 0x74D71230
2026.03.04 16:57:49 INFO: Loaded VA for NtUserGetForegroundWindow = 0x74D714C0
2026.03.04 16:57:49 INFO: Loaded VA for NtUserBuildHwndList = 0x74D712F0
2026.03.04 16:57:49 INFO: Loaded VA for NtUserFindWindowEx = 0x74D717C0
2026.03.04 16:57:49 INFO: Loaded VA for NtUserGetClassName = 0x74D71890
2026.03.04 16:57:49 INFO: Loaded VA for NtUserInternalGetWindowText = 0x74D71720
2026.03.04 16:57:49 INFO: Loaded VA for NtUserGetThreadState = 0x74D71150
2026.03.04 16:57:49 DEBUG: ApplyNtdllHook -> _NtSetInformationThread 77A69240 _NtQuerySystemInformation 77A694F0 _NtQueryInformationProcess 77A69300 _NtSetInformationProcess 77A69350 _NtQueryObject 77A69270
2026.03.04 16:57:49 DEBUG: ApplyNtdllHook -> _NtYieldExecution 77A695F0 _NtGetContextThread 77A6A140 _NtSetContextThread 77A6AB30 _KiUserExceptionDispatcher 77A6B7C0 _NtContinue 77A695C0
2026.03.04 16:57:49 DEBUG: ApplyNtdllHook -> _NtClose 77A69260 _NtDuplicateObject 77A69550 _NtSetDebugFilterState 77A6AB40 _NtCreateThread 77A69670 _NtCreateThreadEx 77A69E20 _NtQuerySystemTime 77A69730 _NtQueryPerformanceCounter 77A694A0 _NtResumeThread 77A696B0
2026.03.04 16:57:49 DEBUG: ApplyNtdllHook -> _NtOpenFile 77A694C0 _NtCreateSection 77A69630 _NtMapViewOfSection 77A69410
2026.03.04 16:57:49 DEBUG: ApplyNtdllHook -> Hooking NtSetInformationThread
2026.03.04 16:57:49 DEBUG: ApplyNtdllHook -> Hooking NtQueryInformationProcess
2026.03.04 16:57:49 DEBUG: ApplyNtdllHook -> Hooking NtQueryObject
2026.03.04 16:57:49 DEBUG: ApplyNtdllHook -> Hooking NtClose
2026.03.04 16:57:49 DEBUG: ApplyNtdllHook -> Hooking NtDuplicateObject
2026.03.04 16:57:49 DEBUG: ApplyNtdllHook -> Hooking NtOpenFile
2026.03.04 16:57:49 DEBUG: ApplyNtdllHook -> Hooking NtCreateSection
2026.03.04 16:57:49 DEBUG: ApplyNtdllHook -> Hooking NtMapViewOfSection
2026.03.04 16:57:49 DEBUG: ApplyKernel32Hook -> Using Kernelbase 75440000 instead of kernel32 76530000
2026.03.04 16:57:49 DEBUG: ApplyKernel32Hook -> _GetTickCount 75595580 _GetTickCount64 75596120 _GetLocalTime 75595470 _GetSystemTime 75596480 _OutputDebugStringA 7567EBD0
2026.03.04 16:57:49 DEBUG: ApplyUserHook -> HookedNtUserBlockInput 00781D55 HookedNtUserFindWindowEx 00781DAD HookedNtUserBuildHwndList 00781E88 HookedNtUserBuildHwndList_Eight 00781ECB HookedNtUserQueryWindow 00781F11 HookedNtUserGetForegroundWindow 00781F5A
2026.03.04 16:57:49 DEBUG: ApplyUserHook -> _NtUserBlockInput 74D74C40 _NtUserFindWindowEx 74D717C0 _NtUserBuildHwndList 74D712F0 _NtUserQueryWindow 74D71230 _NtUserGetForegroundWindow 74D714C0
2026.03.04 16:57:49 INFO: Hook injection successful, image base 00780000
